Bad Checksum - idPage: 0, tyPage: 0, iPage: 0
Source      : E:\Source Code\C#\zControlsC\zControlsC\zControls.mdf
Destination : C:\DOCUME~1\MXZOMP~1\LOCALS~1\Temp\sql137.tmp
Repairing - verMajor: 1, verMinor: 0, verBuild: 0, verPoint: 0
Time - 2011-18-11 12:23:42.799
Database format in database header page is corrupt (or not a database file)
Bad Checksum - idPage: 0, tyPage: 0, iPage: 41
Bad Checksum - idPage: 2, tyPage: 0, iPage: 24
Bad Checksum - idPage: 13, tyPage: 0, iPage: 103
Bad Checksum - idPage: 16, tyPage: 0, iPage: 81
Bad Checksum - idPage: 17, tyPage: 0, iPage: 53
Bad Checksum - idPage: 48, tyPage: 3, iPage: 253
Bad Checksum - idPage: 53, tyPage: 0, iPage: 285
Bad Checksum - idPage: 96, tyPage: 0, iPage: 87
Bad Checksum - idPage: 256, tyPage: 0, iPage: 69
Bad Checksum - idPage: 512, tyPage: 0, iPage: 292
Bad Checksum - idPage: 514, tyPage: 0, iPage: 122
Bad Checksum - idPage: 518, tyPage: 0, iPage: 64
Bad Checksum - idPage: 2560, tyPage: 0, iPage: 215
Bad Checksum - idPage: 2778, tyPage: 0, iPage: 127
Bad Checksum - idPage: 4224, tyPage: 0, iPage: 111
Bad Checksum - idPage: 8192, tyPage: 0, iPage: 123
Bad Checksum - idPage: 9984, tyPage: 0, iPage: 119
Bad Checksum - idPage: 10240, tyPage: 0, iPage: 149
Bad Checksum - idPage: 14392, tyPage: 0, iPage: 109
Bad Checksum - idPage: 16256, tyPage: 0, iPage: 63
Bad Checksum - idPage: 16896, tyPage: 0, iPage: 84
Bad Checksum - idPage: 25344, tyPage: 0, iPage: 225
Bad Checksum - idPage: 25856, tyPage: 0, iPage: 97
Bad Checksum - idPage: 26624, tyPage: 0, iPage: 107
Bad Checksum - idPage: 27904, tyPage: 0, iPage: 113
Bad Checksum - idPage: 33280, tyPage: 0, iPage: 138
Bad Checksum - idPage: 33282, tyPage: 0, iPage: 124
Bad Checksum - idPage: 49664, tyPage: 0, iPage: 74
Bad Checksum - idPage: 65536, tyPage: 0, iPage: 257
Bad Checksum - idPage: 65798, tyPage: 3, iPage: 57
Bad Checksum - idPage: 66048, tyPage: 0, iPage: 266
Bad Checksum - idPage: 98816, tyPage: 0, iPage: 264
Bad Checksum - idPage: 114690, tyPage: 0, iPage: 126
Bad Checksum - idPage: 115200, tyPage: 0, iPage: 60
Bad Checksum - idPage: 131584, tyPage: 0, iPage: 230
Bad Checksum - idPage: 131586, tyPage: 0, iPage: 114
Bad Checksum - idPage: 147968, tyPage: 0, iPage: 154
Bad Checksum - idPage: 164352, tyPage: 0, iPage: 228
Bad Checksum - idPage: 180736, tyPage: 0, iPage: 68
Bad Checksum - idPage: 196608, tyPage: 0, iPage: 299
Bad Checksum - idPage: 196616, tyPage: 1, iPage: 121
Bad Checksum - idPage: 196709, tyPage: 7, iPage: 17
Bad Checksum - idPage: 197120, tyPage: 0, iPage: 160
Bad Checksum - idPage: 213504, tyPage: 0, iPage: 158
Bad Checksum - idPage: 262241, tyPage: 6, iPage: 231
Bad Checksum - idPage: 262656, tyPage: 0, iPage: 246
Bad Checksum - idPage: 295424, tyPage: 0, iPage: 244
Bad Checksum - idPage: 327789, tyPage: 6, iPage: 171
Bad Checksum - idPage: 327795, tyPage: 6, iPage: 249
Bad Checksum - idPage: 355681, tyPage: 6, iPage: 125
Bad Checksum - idPage: 602040, tyPage: 11, iPage: 115
Bad Checksum - idPage: 786434, tyPage: 0, iPage: 91
Bad Checksum - idPage: 786458, tyPage: 5, iPage: 281
Bad Checksum - idPage: 796160, tyPage: 4, iPage: 165
Bad Checksum - idPage: 852016, tyPage: 2, iPage: 227
Bad Checksum - idPage: 983552, tyPage: 15, iPage: 92
Bad Checksum - idPage: 1016320, tyPage: 15, iPage: 90
Bad Checksum - idPage: 1048575, tyPage: 15, iPage: 5

